Determining if the pthread_create exist failed with the following output:
Change Dir: /home/jakey/sf_RDTServer_Vtech/RDTServer/RDTServer/Build/CMakeFiles/CMakeTmp

Run Build Command:/usr/bin/make "cmTryCompileExec990810557/fast"
/usr/bin/make -f CMakeFiles/cmTryCompileExec990810557.dir/build.make CMakeFiles/cmTryCompileExec990810557.dir/build
make[1]: Entering directory `/media/sf_RDTServer_Vtech/RDTServer/RDTServer/Build/CMakeFiles/CMakeTmp'
/usr/bin/cmake -E cmake_progress_report /home/jakey/sf_RDTServer_Vtech/RDTServer/RDTServer/Build/CMakeFiles/CMakeTmp/CMakeFiles 1
Building C object CMakeFiles/cmTryCompileExec990810557.dir/CheckSymbolExists.c.o
/usr/bin/cc    -o CMakeFiles/cmTryCompileExec990810557.dir/CheckSymbolExists.c.o   -c /home/jakey/sf_RDTServer_Vtech/RDTServer/RDTServer/Build/CMakeFiles/CMakeTmp/CheckSymbolExists.c
Linking C executable cmTryCompileExec990810557
/usr/bin/cmake -E cmake_link_script CMakeFiles/cmTryCompileExec990810557.dir/link.txt --verbose=1
/usr/bin/cc       CMakeFiles/cmTryCompileExec990810557.dir/CheckSymbolExists.c.o  -o cmTryCompileExec990810557 -rdynamic 
CMakeFiles/cmTryCompileExec990810557.dir/CheckSymbolExists.c.o: In function `main':
CheckSymbolExists.c:(.text+0xa): 未定義參考到「pthread_create」
collect2: error: ld returned 1 exit status
make[1]: *** [cmTryCompileExec990810557] Error 1
make[1]: Leaving directory `/media/sf_RDTServer_Vtech/RDTServer/RDTServer/Build/CMakeFiles/CMakeTmp'
make: *** [cmTryCompileExec990810557/fast] Error 2

File /home/jakey/sf_RDTServer_Vtech/RDTServer/RDTServer/Build/CMakeFiles/CMakeTmp/CheckSymbolExists.c:
/* */
#include <pthread.h>

int main(int argc, char** argv)
{
  (void)argv;
#ifndef pthread_create
  return ((int*)(&pthread_create))[argc];
#else
  (void)argc;
  return 0;
#endif
}

Determining if the function pthread_create exists in the pthreads failed with the following output:
Change Dir: /home/jakey/sf_RDTServer_Vtech/RDTServer/RDTServer/Build/CMakeFiles/CMakeTmp

Run Build Command:/usr/bin/make "cmTryCompileExec4139995878/fast"
/usr/bin/make -f CMakeFiles/cmTryCompileExec4139995878.dir/build.make CMakeFiles/cmTryCompileExec4139995878.dir/build
make[1]: Entering directory `/media/sf_RDTServer_Vtech/RDTServer/RDTServer/Build/CMakeFiles/CMakeTmp'
/usr/bin/cmake -E cmake_progress_report /home/jakey/sf_RDTServer_Vtech/RDTServer/RDTServer/Build/CMakeFiles/CMakeTmp/CMakeFiles 1
Building C object CMakeFiles/cmTryCompileExec4139995878.dir/CheckFunctionExists.c.o
/usr/bin/cc   -DCHECK_FUNCTION_EXISTS=pthread_create   -o CMakeFiles/cmTryCompileExec4139995878.dir/CheckFunctionExists.c.o   -c /usr/share/cmake-2.8/Modules/CheckFunctionExists.c
Linking C executable cmTryCompileExec4139995878
/usr/bin/cmake -E cmake_link_script CMakeFiles/cmTryCompileExec4139995878.dir/link.txt --verbose=1
/usr/bin/cc   -DCHECK_FUNCTION_EXISTS=pthread_create    CMakeFiles/cmTryCompileExec4139995878.dir/CheckFunctionExists.c.o  -o cmTryCompileExec4139995878 -rdynamic -lpthreads 
/usr/bin/ld: cannot find -lpthreads
collect2: error: ld returned 1 exit status
make[1]: *** [cmTryCompileExec4139995878] Error 1
make[1]: Leaving directory `/media/sf_RDTServer_Vtech/RDTServer/RDTServer/Build/CMakeFiles/CMakeTmp'
make: *** [cmTryCompileExec4139995878/fast] Error 2


