This file contains any messages produced by compilers while
running configure, to aid debugging if configure makes a mistake.

It was created by configure, which was
generated by GNU Autoconf 2.61.  Invocation command line was

  $ ./configure 

## --------- ##
## Platform. ##
## --------- ##

hostname = jakeydeMac-mini.local
uname -m = x86_64
uname -r = 15.0.0
uname -s = Darwin
uname -v = Darwin Kernel Version 15.0.0: Sat Sep 19 15:53:46 PDT 2015; root:xnu-3247.10.11~1/RELEASE_X86_64

/usr/bin/uname -p = i386
/bin/uname -X     = unknown

/bin/arch              = unknown
/usr/bin/arch -k       = unknown
/usr/convex/getsysinfo = unknown
/usr/bin/hostinfo      = Mach kernel version:
	 Darwin Kernel Version 15.0.0: Sat Sep 19 15:53:46 PDT 2015; root:xnu-3247.10.11~1/RELEASE_X86_64
Kernel configured for up to 4 processors.
2 processors are physically available.
4 processors are logically available.
Processor type: i486 (Intel 80486)
Processors active: 0 1 2 3
Primary memory available: 16.00 gigabytes
Default processor set: 405 tasks, 1823 threads, 4 processors
Load average: 3.28, Mach factor: 1.33
/bin/machine           = unknown
/usr/bin/oslevel       = unknown
/bin/universe          = unknown

PATH: /Library/Frameworks/Python.framework/Versions/3.5/bin
PATH: /opt/local/bin
PATH: /opt/local/sbin
PATH: /opt/local/bin
PATH: /opt/local/sbin
PATH: /Library/Frameworks/Python.framework/Versions/3.5/bin
PATH: /usr/local/bin
PATH: /usr/bin
PATH: /bin
PATH: /usr/sbin
PATH: /sbin


## ----------- ##
## Core tests. ##
## ----------- ##

configure:1997: checking for a BSD-compatible install
configure:2053: result: /usr/bin/install -c
configure:2064: checking whether build environment is sane
configure:2107: result: yes
configure:2135: checking for a thread-safe mkdir -p
configure:2174: result: ./install-sh -c -d
configure:2187: checking for gawk
configure:2217: result: no
configure:2187: checking for mawk
configure:2217: result: no
configure:2187: checking for nawk
configure:2217: result: no
configure:2187: checking for awk
configure:2203: found /usr/bin/awk
configure:2214: result: awk
configure:2225: checking whether make sets $(MAKE)
configure:2246: result: yes
configure:2450: checking whether ln -s works
configure:2454: result: yes
configure:2461: checking whether make sets $(MAKE)
configure:2482: result: yes
configure:2547: checking for gcc
configure:2563: found /usr/bin/gcc
configure:2574: result: gcc
configure:2812: checking for C compiler version
configure:2819: gcc --version >&5
Configured with: --prefix=/Applications/Xcode.app/Contents/Developer/usr --with-gxx-include-dir=/usr/include/c++/4.2.1
Apple LLVM version 7.0.0 (clang-700.1.76)
Target: x86_64-apple-darwin15.0.0
Thread model: posix
configure:2822: $? = 0
configure:2829: gcc -v >&5
Configured with: --prefix=/Applications/Xcode.app/Contents/Developer/usr --with-gxx-include-dir=/usr/include/c++/4.2.1
Apple LLVM version 7.0.0 (clang-700.1.76)
Target: x86_64-apple-darwin15.0.0
Thread model: posix
configure:2832: $? = 0
configure:2839: gcc -V >&5
clang: error: argument to '-V' is missing (expected 1 value)
clang: error: no input files
configure:2842: $? = 1
configure:2865: checking for C compiler default output file name
configure:2892: gcc    conftest.c  -lstdc++ >&5
configure:2895: $? = 0
configure:2933: result: a.out
configure:2950: checking whether the C compiler works
configure:2960: ./a.out
configure:2963: $? = 0
configure:2980: result: yes
configure:2987: checking whether we are cross compiling
configure:2989: result: no
configure:2992: checking for suffix of executables
configure:2999: gcc -o conftest    conftest.c  -lstdc++ >&5
configure:3002: $? = 0
configure:3026: result: 
configure:3032: checking for suffix of object files
configure:3058: gcc -c   conftest.c >&5
configure:3061: $? = 0
configure:3084: result: o
configure:3088: checking whether we are using the GNU C compiler
configure:3117: gcc -c   conftest.c >&5
configure:3123: $? = 0
configure:3140: result: yes
configure:3145: checking whether gcc accepts -g
configure:3175: gcc -c -g  conftest.c >&5
configure:3181: $? = 0
configure:3280: result: yes
configure:3297: checking for gcc option to accept ISO C89
configure:3371: gcc  -c -g -O2  conftest.c >&5
configure:3377: $? = 0
configure:3400: result: none needed
configure:3429: checking for style of include used by make
configure:3457: result: GNU
configure:3482: checking dependency style of gcc
configure:3573: result: gcc3
configure:3593: checking how to run the C preprocessor
configure:3633: gcc -E  conftest.c
configure:3639: $? = 0
configure:3670: gcc -E  conftest.c
conftest.c:10:10: fatal error: 'ac_nonexistent.h' file not found
#include <ac_nonexistent.h>
         ^
1 error generated.
configure:3676: $? = 1
configure: failed program was:
| /* confdefs.h.  */
| #define PACKAGE_NAME ""
| #define PACKAGE_TARNAME ""
| #define PACKAGE_VERSION ""
| #define PACKAGE_STRING ""
| #define PACKAGE_BUGREPORT ""
| #define PACKAGE "curlpp"
| #define VERSION "0.7.3"
| /* end confdefs.h.  */
| #include <ac_nonexistent.h>
configure:3709: result: gcc -E
configure:3738: gcc -E  conftest.c
configure:3744: $? = 0
configure:3775: gcc -E  conftest.c
conftest.c:10:10: fatal error: 'ac_nonexistent.h' file not found
#include <ac_nonexistent.h>
         ^
1 error generated.
configure:3781: $? = 1
configure: failed program was:
| /* confdefs.h.  */
| #define PACKAGE_NAME ""
| #define PACKAGE_TARNAME ""
| #define PACKAGE_VERSION ""
| #define PACKAGE_STRING ""
| #define PACKAGE_BUGREPORT ""
| #define PACKAGE "curlpp"
| #define VERSION "0.7.3"
| /* end confdefs.h.  */
| #include <ac_nonexistent.h>
configure:3876: checking for g++
configure:3892: found /usr/bin/g++
configure:3903: result: g++
configure:3934: checking for C++ compiler version
configure:3941: g++ --version >&5
Configured with: --prefix=/Applications/Xcode.app/Contents/Developer/usr --with-gxx-include-dir=/usr/include/c++/4.2.1
Apple LLVM version 7.0.0 (clang-700.1.76)
Target: x86_64-apple-darwin15.0.0
Thread model: posix
configure:3944: $? = 0
configure:3951: g++ -v >&5
Configured with: --prefix=/Applications/Xcode.app/Contents/Developer/usr --with-gxx-include-dir=/usr/include/c++/4.2.1
Apple LLVM version 7.0.0 (clang-700.1.76)
Target: x86_64-apple-darwin15.0.0
Thread model: posix
configure:3954: $? = 0
configure:3961: g++ -V >&5
clang: error: argument to '-V' is missing (expected 1 value)
clang: error: no input files
configure:3964: $? = 1
configure:3967: checking whether we are using the GNU C++ compiler
configure:3996: g++ -c   conftest.cpp >&5
configure:4002: $? = 0
configure:4019: result: yes
configure:4024: checking whether g++ accepts -g
configure:4054: g++ -c -g  conftest.cpp >&5
configure:4060: $? = 0
configure:4159: result: yes
configure:4184: checking dependency style of g++
configure:4275: result: gcc3
configure:4303: checking for a BSD-compatible install
configure:4359: result: /usr/bin/install -c
configure:4421: checking for boostlib >= 1.33.1
configure:4485: g++ -c -g -O2  -I/usr/local/include conftest.cpp >&5
configure:4491: $? = 0
configure:4497: result: yes
configure:4684: checking build system type
configure:4702: result: i386-apple-darwin15.0.0
configure:4724: checking host system type
configure:4739: result: i386-apple-darwin15.0.0
configure:5101: checking for a sed that does not truncate output
configure:5180: result: /usr/bin/sed
configure:5198: checking for grep that handles long lines and -e
configure:5272: result: /usr/bin/grep
configure:5277: checking for egrep
configure:5355: result: /usr/bin/grep -E
configure:5360: checking for fgrep
configure:5438: result: /usr/bin/grep -F
configure:5473: checking for ld used by gcc
configure:5540: result: /Applications/Xcode.app/Contents/Developer/Toolchains/XcodeDefault.xctoolchain/usr/bin/ld
configure:5549: checking if the linker (/Applications/Xcode.app/Contents/Developer/Toolchains/XcodeDefault.xctoolchain/usr/bin/ld) is GNU ld
configure:5564: result: no
configure:5576: checking for BSD- or MS-compatible name lister (nm)
configure:5625: result: /usr/bin/nm
configure:5747: checking the name lister (/usr/bin/nm) interface
configure:5754: g++ -c -g -O2  conftest.cpp >&5
configure:5757: /usr/bin/nm "conftest.o"
configure:5760: output
00000000000001f8 S _some_variable
configure:5767: result: BSD nm
configure:5771: checking the maximum length of command line arguments
configure:5891: result: 196608
configure:5908: checking whether the shell understands some XSI constructs
configure:5918: result: yes
configure:5922: checking whether the shell understands "+="
configure:5928: result: yes
configure:5963: checking for /Applications/Xcode.app/Contents/Developer/Toolchains/XcodeDefault.xctoolchain/usr/bin/ld option to reload object files
configure:5970: result: -r
configure:5997: checking how to recognize dependent libraries
configure:6187: result: pass_all
configure:6247: checking for ar
configure:6263: found /usr/bin/ar
configure:6274: result: ar
configure:6356: checking for strip
configure:6372: found /usr/bin/strip
configure:6383: result: strip
configure:6459: checking for ranlib
configure:6475: found /usr/bin/ranlib
configure:6486: result: ranlib
configure:6580: checking command to parse /usr/bin/nm output from gcc object
configure:6698: g++ -c -g -O2  conftest.cpp >&5
configure:6701: $? = 0
configure:6705: /usr/bin/nm conftest.o \| sed -n -e 's/^.*[	 ]\([BCDEGRST][BCDEGRST]*\)[	 ][	 ]*\([_A-Za-z][_A-Za-z0-9]*\)$/\1 \2 \2/p' \> conftest.nm
configure:6708: $? = 0
cannot find nm_test_var in conftest.nm
configure:6698: g++ -c -g -O2  conftest.cpp >&5
configure:6701: $? = 0
configure:6705: /usr/bin/nm conftest.o \| sed -n -e 's/^.*[	 ]\([BCDEGRST][BCDEGRST]*\)[	 ][	 ]*_\([_A-Za-z][_A-Za-z0-9]*\)$/\1 _\2 \2/p' \> conftest.nm
configure:6708: $? = 0
configure:6762: g++ -o conftest -g -O2   conftest.cpp conftstm.o >&5
configure:6765: $? = 0
configure:6803: result: ok
configure:7093: checking for dsymutil
configure:7109: found /usr/bin/dsymutil
configure:7120: result: dsymutil
configure:7189: checking for nmedit
configure:7205: found /usr/bin/nmedit
configure:7216: result: nmedit
configure:7285: checking for lipo
configure:7301: found /usr/bin/lipo
configure:7312: result: lipo
configure:7381: checking for otool
configure:7397: found /usr/bin/otool
configure:7408: result: otool
configure:7477: checking for otool64
configure:7507: result: no
configure:7556: checking for -single_module linker flag
gcc -g -O2  -o libconftest.dylib -dynamiclib -Wl,-single_module conftest.c
configure:7583: result: yes
configure:7585: checking for -exported_symbols_list linker flag
configure:7615: g++ -o conftest -g -O2   -Wl,-exported_symbols_list,conftest.sym conftest.cpp  -lstdc++ >&5
configure:7621: $? = 0
configure:7640: result: yes
configure:7678: checking for ANSI C header files
configure:7708: g++ -c -g -O2  conftest.cpp >&5
configure:7714: $? = 0
./configure: line 7740: conftest.cpp: command not found
configure:7842: result: no
configure:7866: checking for sys/types.h
configure:7887: g++ -c -g -O2  conftest.cpp >&5
configure:7893: $? = 0
configure:7909: result: yes
configure:7866: checking for sys/stat.h
configure:7887: g++ -c -g -O2  conftest.cpp >&5
configure:7893: $? = 0
configure:7909: result: yes
configure:7866: checking for stdlib.h
configure:7887: g++ -c -g -O2  conftest.cpp >&5
configure:7893: $? = 0
configure:7909: result: yes
configure:7866: checking for string.h
configure:7887: g++ -c -g -O2  conftest.cpp >&5
configure:7893: $? = 0
configure:7909: result: yes
configure:7866: checking for memory.h
configure:7887: g++ -c -g -O2  conftest.cpp >&5
configure:7893: $? = 0
configure:7909: result: yes
configure:7866: checking for strings.h
configure:7887: g++ -c -g -O2  conftest.cpp >&5
configure:7893: $? = 0
configure:7909: result: yes
configure:7866: checking for inttypes.h
configure:7887: g++ -c -g -O2  conftest.cpp >&5
configure:7893: $? = 0
configure:7909: result: yes
configure:7866: checking for stdint.h
configure:7887: g++ -c -g -O2  conftest.cpp >&5
configure:7893: $? = 0
configure:7909: result: yes
configure:7866: checking for unistd.h
configure:7887: g++ -c -g -O2  conftest.cpp >&5
configure:7893: $? = 0
configure:7909: result: yes
configure:7925: checking for dlfcn.h
configure:7946: g++ -c -g -O2  conftest.cpp >&5
configure:7952: $? = 0
configure:7968: result: yes
configure:8097: checking for C++ compiler version
configure:8104: g++ --version >&5
Configured with: --prefix=/Applications/Xcode.app/Contents/Developer/usr --with-gxx-include-dir=/usr/include/c++/4.2.1
Apple LLVM version 7.0.0 (clang-700.1.76)
Target: x86_64-apple-darwin15.0.0
Thread model: posix
configure:8107: $? = 0
configure:8114: g++ -v >&5
Configured with: --prefix=/Applications/Xcode.app/Contents/Developer/usr --with-gxx-include-dir=/usr/include/c++/4.2.1
Apple LLVM version 7.0.0 (clang-700.1.76)
Target: x86_64-apple-darwin15.0.0
Thread model: posix
configure:8117: $? = 0
configure:8124: g++ -V >&5
clang: error: argument to '-V' is missing (expected 1 value)
clang: error: no input files
configure:8127: $? = 1
configure:8130: checking whether we are using the GNU C++ compiler
configure:8182: result: yes
configure:8187: checking whether g++ accepts -g
configure:8322: result: yes
configure:8347: checking dependency style of g++
configure:8438: result: gcc3
configure:8461: checking how to run the C++ preprocessor
configure:8497: g++ -E  conftest.cpp
configure:8503: $? = 0
configure:8534: g++ -E  conftest.cpp
conftest.cpp:21:10: fatal error: 'ac_nonexistent.h' file not found
#include <ac_nonexistent.h>
         ^
1 error generated.
configure:8540: $? = 1
configure: failed program was:
| /* confdefs.h.  */
| #define PACKAGE_NAME ""
| #define PACKAGE_TARNAME ""
| #define PACKAGE_VERSION ""
| #define PACKAGE_STRING ""
| #define PACKAGE_BUGREPORT ""
| #define PACKAGE "curlpp"
| #define VERSION "0.7.3"
| #define HAVE_BOOST
| #define HAVE_SYS_TYPES_H 1
| #define HAVE_SYS_STAT_H 1
| #define HAVE_STDLIB_H 1
| #define HAVE_STRING_H 1
| #define HAVE_MEMORY_H 1
| #define HAVE_STRINGS_H 1
| #define HAVE_INTTYPES_H 1
| #define HAVE_STDINT_H 1
| #define HAVE_UNISTD_H 1
| #define HAVE_DLFCN_H 1
| /* end confdefs.h.  */
| #include <ac_nonexistent.h>
configure:8573: result: g++ -E
configure:8602: g++ -E  conftest.cpp
configure:8608: $? = 0
configure:8639: g++ -E  conftest.cpp
conftest.cpp:21:10: fatal error: 'ac_nonexistent.h' file not found
#include <ac_nonexistent.h>
         ^
1 error generated.
configure:8645: $? = 1
configure: failed program was:
| /* confdefs.h.  */
| #define PACKAGE_NAME ""
| #define PACKAGE_TARNAME ""
| #define PACKAGE_VERSION ""
| #define PACKAGE_STRING ""
| #define PACKAGE_BUGREPORT ""
| #define PACKAGE "curlpp"
| #define VERSION "0.7.3"
| #define HAVE_BOOST
| #define HAVE_SYS_TYPES_H 1
| #define HAVE_SYS_STAT_H 1
| #define HAVE_STDLIB_H 1
| #define HAVE_STRING_H 1
| #define HAVE_MEMORY_H 1
| #define HAVE_STRINGS_H 1
| #define HAVE_INTTYPES_H 1
| #define HAVE_STDINT_H 1
| #define HAVE_UNISTD_H 1
| #define HAVE_DLFCN_H 1
| /* end confdefs.h.  */
| #include <ac_nonexistent.h>
configure:8854: checking for objdir
configure:8869: result: .libs
configure:9165: checking if gcc supports -fno-rtti -fno-exceptions
configure:9183: gcc -c -g -O2  -fno-rtti -fno-exceptions conftest.c >&5
configure:9187: $? = 0
configure:9200: result: yes
configure:9220: checking for gcc option to produce PIC
configure:9477: result: -fno-common -DPIC
configure:9489: checking if gcc PIC flag -fno-common -DPIC works
configure:9507: gcc -c -g -O2  -fno-common -DPIC -DPIC conftest.c >&5
configure:9511: $? = 0
configure:9524: result: yes
configure:9548: checking if gcc static flag -static works
configure:9576: result: no
configure:9591: checking if gcc supports -c -o file.o
configure:9612: gcc -c -g -O2  -o out/conftest2.o conftest.c >&5
configure:9616: $? = 0
configure:9638: result: yes
configure:9646: checking if gcc supports -c -o file.o
configure:9693: result: yes
configure:9726: checking whether the gcc linker (/Applications/Xcode.app/Contents/Developer/Toolchains/XcodeDefault.xctoolchain/usr/bin/ld) supports shared libraries
configure:10780: result: yes
configure:11019: checking dynamic linker characteristics
configure:11698: result: darwin15.0.0 dyld
configure:11800: checking how to hardcode library paths into programs
configure:11825: result: immediate
configure:12638: checking whether stripping libraries is possible
configure:12652: result: yes
configure:12678: checking if libtool supports shared libraries
configure:12680: result: yes
configure:12683: checking whether to build shared libraries
configure:12704: result: yes
configure:12707: checking whether to build static libraries
configure:12711: result: yes
configure:12861: checking for ld used by g++
configure:12928: result: /Applications/Xcode.app/Contents/Developer/Toolchains/XcodeDefault.xctoolchain/usr/bin/ld
configure:12937: checking if the linker (/Applications/Xcode.app/Contents/Developer/Toolchains/XcodeDefault.xctoolchain/usr/bin/ld) is GNU ld
configure:12952: result: no
configure:13007: checking whether the g++ linker (/Applications/Xcode.app/Contents/Developer/Toolchains/XcodeDefault.xctoolchain/usr/bin/ld) supports shared libraries
configure:13969: result: yes
configure:13997: g++ -c -g -O2  conftest.cpp >&5
configure:14000: $? = 0
configure:14182: checking for g++ option to produce PIC
configure:14491: result: -fno-common -DPIC
configure:14500: checking if g++ PIC flag -fno-common -DPIC works
configure:14518: g++ -c -g -O2  -fno-common -DPIC -DPIC conftest.cpp >&5
configure:14522: $? = 0
configure:14535: result: yes
configure:14556: checking if g++ static flag -static works
configure:14584: result: no
configure:14596: checking if g++ supports -c -o file.o
configure:14617: g++ -c -g -O2  -o out/conftest2.o conftest.cpp >&5
configure:14621: $? = 0
configure:14643: result: yes
configure:14648: checking if g++ supports -c -o file.o
configure:14695: result: yes
configure:14725: checking whether the g++ linker (/Applications/Xcode.app/Contents/Developer/Toolchains/XcodeDefault.xctoolchain/usr/bin/ld) supports shared libraries
configure:14751: result: yes
configure:14888: checking dynamic linker characteristics
configure:15515: result: darwin15.0.0 dyld
configure:15566: checking how to hardcode library paths into programs
configure:15591: result: immediate
configure:15674: checking for ANSI C header files
configure:15838: result: no
configure:15867: checking curl/curl.h usability
configure:15884: g++ -c -g   conftest.cpp >&5
configure:15890: $? = 0
configure:15904: result: yes
configure:15908: checking curl/curl.h presence
configure:15923: g++ -E  conftest.cpp
configure:15929: $? = 0
configure:15943: result: yes
configure:15971: checking for curl/curl.h
configure:15979: result: yes
configure:15867: checking ostream usability
configure:15884: g++ -c -g   conftest.cpp >&5
configure:15890: $? = 0
configure:15904: result: yes
configure:15908: checking ostream presence
configure:15923: g++ -E  conftest.cpp
configure:15929: $? = 0
configure:15943: result: yes
configure:15971: checking for ostream
configure:15979: result: yes
configure:16012: checking for curl >= 7.10.0
configure:16022: result: 7.43.0
configure:16046: checking enable gcc warnings
configure:16056: result: yes
configure:16065: checking warning make an error on compilation
configure:16075: result: yes
configure:16085: checking whether to enable the maintener code
configure:16097: result: no
configure:16114: checking whether to enable Debug symbols support options
configure:16125: result: no
configure:16132: checking if we need BUILDING_CURLPP
configure:16160: result: no
configure:16320: creating ./config.status

## ---------------------- ##
## Running config.status. ##
## ---------------------- ##

This file was extended by config.status, which was
generated by GNU Autoconf 2.61.  Invocation command line was

  CONFIG_FILES    = 
  CONFIG_HEADERS  = 
  CONFIG_LINKS    = 
  CONFIG_COMMANDS = 
  $ ./config.status 

on jakeydeMac-mini.local

config.status:940: creating curlpp-config
config.status:940: creating curlpp.spec
config.status:940: creating curlpp.pc
config.status:940: creating Makefile
config.status:940: creating examples/Makefile
config.status:940: creating src/Makefile
config.status:940: creating src/curlpp/Makefile
config.status:940: creating src/curlpp/internal/Makefile
config.status:940: creating src/utilspp/Makefile
config.status:940: creating include/Makefile
config.status:940: creating include/curlpp/Makefile
config.status:940: creating include/curlpp/internal/Makefile
config.status:940: creating include/utilspp/Makefile
config.status:940: creating include/utilspp/functor/Makefile
config.status:940: creating include/utilspp/singleton/Makefile
config.status:940: creating doc/Makefile
config.status:940: creating include/curlpp/config.h
config.status:1216: executing depfiles commands
config.status:1216: executing libtool commands

## ---------------- ##
## Cache variables. ##
## ---------------- ##

ac_cv_build=i386-apple-darwin15.0.0
ac_cv_c_compiler_gnu=yes
ac_cv_cxx_compiler_gnu=yes
ac_cv_env_CCC_set=
ac_cv_env_CCC_value=
ac_cv_env_CC_set=
ac_cv_env_CC_value=
ac_cv_env_CFLAGS_set=
ac_cv_env_CFLAGS_value=
ac_cv_env_CPPFLAGS_set=
ac_cv_env_CPPFLAGS_value=
ac_cv_env_CPP_set=
ac_cv_env_CPP_value=
ac_cv_env_CXXCPP_set=
ac_cv_env_CXXCPP_value=
ac_cv_env_CXXFLAGS_set=
ac_cv_env_CXXFLAGS_value=
ac_cv_env_CXX_set=
ac_cv_env_CXX_value=
ac_cv_env_LDFLAGS_set=
ac_cv_env_LDFLAGS_value=
ac_cv_env_LIBS_set=
ac_cv_env_LIBS_value=
ac_cv_env_build_alias_set=
ac_cv_env_build_alias_value=
ac_cv_env_host_alias_set=
ac_cv_env_host_alias_value=
ac_cv_env_target_alias_set=
ac_cv_env_target_alias_value=
ac_cv_header_curl_curl_h=yes
ac_cv_header_dlfcn_h=yes
ac_cv_header_inttypes_h=yes
ac_cv_header_memory_h=yes
ac_cv_header_ostream=yes
ac_cv_header_stdc=no
ac_cv_header_stdint_h=yes
ac_cv_header_stdlib_h=yes
ac_cv_header_string_h=yes
ac_cv_header_strings_h=yes
ac_cv_header_sys_stat_h=yes
ac_cv_header_sys_types_h=yes
ac_cv_header_unistd_h=yes
ac_cv_host=i386-apple-darwin15.0.0
ac_cv_objext=o
ac_cv_path_EGREP='/usr/bin/grep -E'
ac_cv_path_FGREP='/usr/bin/grep -F'
ac_cv_path_GREP=/usr/bin/grep
ac_cv_path_SED=/usr/bin/sed
ac_cv_path_install='/usr/bin/install -c'
ac_cv_prog_AWK=awk
ac_cv_prog_CPP='gcc -E'
ac_cv_prog_CXXCPP='g++ -E'
ac_cv_prog_ac_ct_AR=ar
ac_cv_prog_ac_ct_CC=gcc
ac_cv_prog_ac_ct_CXX=g++
ac_cv_prog_ac_ct_DSYMUTIL=dsymutil
ac_cv_prog_ac_ct_LIPO=lipo
ac_cv_prog_ac_ct_NMEDIT=nmedit
ac_cv_prog_ac_ct_OTOOL=otool
ac_cv_prog_ac_ct_RANLIB=ranlib
ac_cv_prog_ac_ct_STRIP=strip
ac_cv_prog_cc_c89=
ac_cv_prog_cc_g=yes
ac_cv_prog_cxx_g=yes
ac_cv_prog_make_make_set=yes
am_cv_CC_dependencies_compiler_type=gcc3
am_cv_CXX_dependencies_compiler_type=gcc3
lt_cv_apple_cc_single_mod=yes
lt_cv_deplibs_check_method=pass_all
lt_cv_file_magic_cmd='$MAGIC_CMD'
lt_cv_file_magic_test_file=
lt_cv_ld_exported_symbols_list=yes
lt_cv_ld_reload_flag=-r
lt_cv_nm_interface='BSD nm'
lt_cv_objdir=.libs
lt_cv_path_LD=/Applications/Xcode.app/Contents/Developer/Toolchains/XcodeDefault.xctoolchain/usr/bin/ld
lt_cv_path_LDCXX=/Applications/Xcode.app/Contents/Developer/Toolchains/XcodeDefault.xctoolchain/usr/bin/ld
lt_cv_path_NM=/usr/bin/nm
lt_cv_prog_compiler_c_o=yes
lt_cv_prog_compiler_c_o_CXX=yes
lt_cv_prog_compiler_pic_works=yes
lt_cv_prog_compiler_pic_works_CXX=yes
lt_cv_prog_compiler_rtti_exceptions=yes
lt_cv_prog_compiler_static_works=no
lt_cv_prog_compiler_static_works_CXX=no
lt_cv_prog_gnu_ld=no
lt_cv_prog_gnu_ldcxx=no
lt_cv_sys_global_symbol_pipe='sed -n -e '\''s/^.*[	 ]\([BCDEGRST][BCDEGRST]*\)[	 ][	 ]*_\([_A-Za-z][_A-Za-z0-9]*\)$/\1 _\2 \2/p'\'''
lt_cv_sys_global_symbol_to_c_name_address='sed -n -e '\''s/^: \([^ ]*\) $/  {\"\1\", (void *) 0},/p'\'' -e '\''s/^[BCDEGRST]* \([^ ]*\) \([^ ]*\)$/  {"\2", (void *) \&\2},/p'\'''
lt_cv_sys_global_symbol_to_c_name_address_lib_prefix='sed -n -e '\''s/^: \([^ ]*\) $/  {\"\1\", (void *) 0},/p'\'' -e '\''s/^[BCDEGRST]* \([^ ]*\) \(lib[^ ]*\)$/  {"\2", (void *) \&\2},/p'\'' -e '\''s/^[BCDEGRST]* \([^ ]*\) \([^ ]*\)$/  {"lib\2", (void *) \&\2},/p'\'''
lt_cv_sys_global_symbol_to_cdecl='sed -n -e '\''s/^T .* \(.*\)$/extern int \1();/p'\'' -e '\''s/^[BCDEGRST]* .* \(.*\)$/extern char \1;/p'\'''
lt_cv_sys_max_cmd_len=196608
my_cv_curl_vers=7.43.0

## ----------------- ##
## Output variables. ##
## ----------------- ##

ACLOCAL='${SHELL} /Users/jakey/Downloads/curlpp-0.7.3/missing --run aclocal-1.10'
AMDEPBACKSLASH='\'
AMDEP_FALSE='#'
AMDEP_TRUE=''
AMTAR='${SHELL} /Users/jakey/Downloads/curlpp-0.7.3/missing --run tar'
AR='ar'
AS='as'
AUTOCONF='${SHELL} /Users/jakey/Downloads/curlpp-0.7.3/missing --run autoconf'
AUTOHEADER='${SHELL} /Users/jakey/Downloads/curlpp-0.7.3/missing --run autoheader'
AUTOMAKE='${SHELL} /Users/jakey/Downloads/curlpp-0.7.3/missing --run automake-1.10'
AWK='awk'
BOOST_CPPFLAGS='-I/usr/local/include'
BOOST_LDFLAGS='-L/usr/local/lib'
CC='gcc'
CCDEPMODE='depmode=gcc3'
CFLAGS='-g -O2'
CPP='gcc -E'
CPPFLAGS=''
CURLPP_CXXFLAGS='  -I/usr/local/include'
CXX='g++'
CXXCPP='g++ -E'
CXXDEPMODE='depmode=gcc3'
CXXFLAGS='-g  -W -Wall -Werror    -I/usr/local/include'
CYGPATH_W='echo'
DEFS='-DHAVE_CONFIG_H'
DEPDIR='.deps'
DLLTOOL='dlltool'
DSYMUTIL='dsymutil'
DUMPBIN=''
ECHO_C='ECHO_N=''
ECHO_T=''
EGREP='/usr/bin/grep -E'
EXEEXT=''
FGREP='/usr/bin/grep -F'
GREP='/usr/bin/grep'
HAVE_BOOST_FALSE='#'
HAVE_BOOST_TRUE=''
INSTALL_DATA='${INSTALL} -m 644'
INSTALL_PROGRAM='${INSTALL}'
INSTALL_SCRIPT='${INSTALL}'
INSTALL_STRIP_PROGRAM='$(install_sh) -c -s'
LD='/Applications/Xcode.app/Contents/Developer/Toolchains/XcodeDefault.xctoolchain/usr/bin/ld'
LDFLAGS=''
LIBOBJS=''
LIBS=' -lstdc++ -lcurl'
LIBTOOL='$(SHELL) $(top_builddir)/libtool --silent'
LIPO='lipo'
LN_S='ln -s'
LTLIBOBJS=''
MAINTENER_CODE_FALSE=''
MAINTENER_CODE_TRUE='#'
MAKEINFO='${SHELL} /Users/jakey/Downloads/curlpp-0.7.3/missing --run makeinfo'
NM='/usr/bin/nm'
NMEDIT='nmedit'
NO_UNDEFINED_FALSE=''
NO_UNDEFINED_TRUE='#'
OBJDUMP='objdump'
OBJEXT='o'
OTOOL64=':'
OTOOL='otool'
PACKAGE='curlpp'
PACKAGE_BUGREPORT=''
PACKAGE_NAME=''
PACKAGE_STRING=''
PACKAGE_TARNAME=''
PACKAGE_VERSION=''
PATH_SEPARATOR=':'
PKGADD_NAME='cURLpp - a client that groks URLs++'
PKGADD_PKG='cURLpp'
PKGADD_VENDOR='http://rrette.com/curlpp.html'
RANLIB='ranlib'
RPM_VERSION='0.7.3'
SED='/usr/bin/sed'
SET_MAKE=''
SHELL='/bin/sh'
STRIP='strip'
VERSION='0.7.3'
VERSIONNUM=''
ac_ct_CC='gcc'
ac_ct_CXX='g++'
ac_ct_DUMPBIN=''
am__fastdepCC_FALSE='#'
am__fastdepCC_TRUE=''
am__fastdepCXX_FALSE='#'
am__fastdepCXX_TRUE=''
am__include='include'
am__isrc=''
am__leading_dot='.'
am__quote=''
am__tar='${AMTAR} chof - "$$tardir"'
am__untar='${AMTAR} xf -'
bindir='${exec_prefix}/bin'
build='i386-apple-darwin15.0.0'
build_alias=''
build_cpu='i386'
build_os='darwin15.0.0'
build_vendor='apple'
datadir='${datarootdir}'
datarootdir='${prefix}/share'
docdir='${datarootdir}/doc/${PACKAGE}'
dvidir='${docdir}'
exec_prefix='${prefix}'
host='i386-apple-darwin15.0.0'
host_alias=''
host_cpu='i386'
host_os='darwin15.0.0'
host_vendor='apple'
htmldir='${docdir}'
includedir='${prefix}/include'
infodir='${datarootdir}/info'
install_sh='$(SHELL) /Users/jakey/Downloads/curlpp-0.7.3/install-sh'
libdir='${exec_prefix}/lib'
libexecdir='${exec_prefix}/libexec'
localedir='${datarootdir}/locale'
localstatedir='${prefix}/var'
lt_ECHO='/bin/echo'
mandir='${datarootdir}/man'
mkdir_p='$(top_builddir)/./install-sh -c -d'
oldincludedir='/usr/include'
pdfdir='${docdir}'
prefix='/usr/local'
program_transform_name='s,x,x,'
psdir='${docdir}'
sbindir='${exec_prefix}/sbin'
sharedstatedir='${prefix}/com'
sysconfdir='${prefix}/etc'
target_alias=''

## ----------- ##
## confdefs.h. ##
## ----------- ##

#define PACKAGE_NAME ""
#define PACKAGE_TARNAME ""
#define PACKAGE_VERSION ""
#define PACKAGE_STRING ""
#define PACKAGE_BUGREPORT ""
#define PACKAGE "curlpp"
#define VERSION "0.7.3"
#define HAVE_BOOST
#define HAVE_SYS_TYPES_H 1
#define HAVE_SYS_STAT_H 1
#define HAVE_STDLIB_H 1
#define HAVE_STRING_H 1
#define HAVE_MEMORY_H 1
#define HAVE_STRINGS_H 1
#define HAVE_INTTYPES_H 1
#define HAVE_STDINT_H 1
#define HAVE_UNISTD_H 1
#define HAVE_DLFCN_H 1
#define LT_OBJDIR ".libs/"
#define HAVE_CURL_CURL_H 1
#define HAVE_OSTREAM 1

configure: exit 0
