This file contains any messages produced by compilers while
running configure, to aid debugging if configure makes a mistake.

It was created by configure, which was
generated by GNU Autoconf 2.69.  Invocation command line was

  $ ./configure --no-create --no-recursion

## --------- ##
## Platform. ##
## --------- ##

hostname = jakeydeMac-mini.local
uname -m = x86_64
uname -r = 15.3.0
uname -s = Darwin
uname -v = Darwin Kernel Version 15.3.0: Thu Dec 10 18:40:58 PST 2015; root:xnu-3248.30.4~1/RELEASE_X86_64

/usr/bin/uname -p = i386
/bin/uname -X     = unknown

/bin/arch              = unknown
/usr/bin/arch -k       = unknown
/usr/convex/getsysinfo = unknown
/usr/bin/hostinfo      = Mach kernel version:
	 Darwin Kernel Version 15.3.0: Thu Dec 10 18:40:58 PST 2015; root:xnu-3248.30.4~1/RELEASE_X86_64
Kernel configured for up to 4 processors.
2 processors are physically available.
4 processors are logically available.
Processor type: i486 (Intel 80486)
Processors active: 0 1 2 3
Primary memory available: 16.00 gigabytes
Default processor set: 323 tasks, 1524 threads, 4 processors
Load average: 3.86, Mach factor: 1.36
/bin/machine           = unknown
/usr/bin/oslevel       = unknown
/bin/universe          = unknown

PATH: /usr/local/linaro/arm-linux-gnueabihf-raspbian/bin
PATH: /Users/jakey/anaconda/bin
PATH: /Library/Frameworks/Python.framework/Versions/3.5/bin
PATH: /opt/local/bin
PATH: /opt/local/sbin
PATH: /Library/Frameworks/Python.framework/Versions/3.5/bin
PATH: /usr/local/bin
PATH: /usr/bin
PATH: /bin
PATH: /usr/sbin
PATH: /sbin


## ----------- ##
## Core tests. ##
## ----------- ##

configure:2591: checking for a BSD-compatible install
configure:2659: result: /usr/bin/install -c
configure:2670: checking whether build environment is sane
configure:2725: result: yes
configure:2763: WARNING: 'missing' script is too old or missing
configure:2876: checking for a thread-safe mkdir -p
configure:2915: result: ./install-sh -c -d
configure:2922: checking for gawk
configure:2938: found /usr/local/bin/gawk
configure:2949: result: gawk
configure:2960: checking whether make sets $(MAKE)
configure:2982: result: yes
configure:3011: checking whether make supports nested variables
configure:3028: result: yes
configure:3171: checking whether ln -s works
configure:3175: result: yes
configure:3182: checking whether make sets $(MAKE)
configure:3204: result: yes
configure:3269: checking for gcc
configure:3285: found /usr/bin/gcc
configure:3296: result: gcc
configure:3525: checking for C compiler version
configure:3534: gcc --version >&5
Apple LLVM version 7.0.2 (clang-700.1.81)
Target: x86_64-apple-darwin15.3.0
Thread model: posix
Configured with: --prefix=/Applications/Xcode.app/Contents/Developer/usr --with-gxx-include-dir=/usr/include/c++/4.2.1
configure:3545: $? = 0
configure:3534: gcc -v >&5
Configured with: --prefix=/Applications/Xcode.app/Contents/Developer/usr --with-gxx-include-dir=/usr/include/c++/4.2.1
Apple LLVM version 7.0.2 (clang-700.1.81)
Target: x86_64-apple-darwin15.3.0
Thread model: posix
configure:3545: $? = 0
configure:3534: gcc -V >&5
clang: error: argument to '-V' is missing (expected 1 value)
clang: error: no input files
configure:3545: $? = 1
configure:3534: gcc -qversion >&5
clang: error: unknown argument: '-qversion'
clang: error: no input files
configure:3545: $? = 1
configure:3565: checking whether the C compiler works
configure:3587: gcc    conftest.c  -lstdc++ >&5
configure:3591: $? = 0
configure:3639: result: yes
configure:3642: checking for C compiler default output file name
configure:3644: result: a.out
configure:3650: checking for suffix of executables
configure:3657: gcc -o conftest    conftest.c  -lstdc++ >&5
configure:3661: $? = 0
configure:3683: result: 
configure:3705: checking whether we are cross compiling
configure:3713: gcc -o conftest    conftest.c  -lstdc++ >&5
configure:3717: $? = 0
configure:3724: ./conftest
configure:3728: $? = 0
configure:3743: result: no
configure:3748: checking for suffix of object files
configure:3770: gcc -c   conftest.c >&5
configure:3774: $? = 0
configure:3795: result: o
configure:3799: checking whether we are using the GNU C compiler
configure:3818: gcc -c   conftest.c >&5
configure:3818: $? = 0
configure:3827: result: yes
configure:3836: checking whether gcc accepts -g
configure:3856: gcc -c -g  conftest.c >&5
configure:3856: $? = 0
configure:3897: result: yes
configure:3914: checking for gcc option to accept ISO C89
configure:3977: gcc  -c -g -O2  conftest.c >&5
configure:3977: $? = 0
configure:3990: result: none needed
configure:4015: checking whether gcc understands -c and -o together
configure:4037: gcc -c conftest.c -o conftest2.o
configure:4040: $? = 0
configure:4037: gcc -c conftest.c -o conftest2.o
configure:4040: $? = 0
configure:4052: result: yes
configure:4080: checking for style of include used by make
configure:4108: result: GNU
configure:4134: checking dependency style of gcc
configure:4245: result: gcc3
configure:4265: checking how to run the C preprocessor
configure:4296: gcc -E  conftest.c
configure:4296: $? = 0
configure:4310: gcc -E  conftest.c
conftest.c:11:10: fatal error: 'ac_nonexistent.h' file not found
#include <ac_nonexistent.h>
         ^
1 error generated.
configure:4310: $? = 1
configure: failed program was:
| /* confdefs.h */
| #define PACKAGE_NAME ""
| #define PACKAGE_TARNAME ""
| #define PACKAGE_VERSION ""
| #define PACKAGE_STRING ""
| #define PACKAGE_BUGREPORT ""
| #define PACKAGE_URL ""
| #define PACKAGE "curlpp"
| #define VERSION "0.7.3"
| /* end confdefs.h.  */
| #include <ac_nonexistent.h>
configure:4335: result: gcc -E
configure:4355: gcc -E  conftest.c
configure:4355: $? = 0
configure:4369: gcc -E  conftest.c
conftest.c:11:10: fatal error: 'ac_nonexistent.h' file not found
#include <ac_nonexistent.h>
         ^
1 error generated.
configure:4369: $? = 1
configure: failed program was:
| /* confdefs.h */
| #define PACKAGE_NAME ""
| #define PACKAGE_TARNAME ""
| #define PACKAGE_VERSION ""
| #define PACKAGE_STRING ""
| #define PACKAGE_BUGREPORT ""
| #define PACKAGE_URL ""
| #define PACKAGE "curlpp"
| #define VERSION "0.7.3"
| /* end confdefs.h.  */
| #include <ac_nonexistent.h>
configure:4455: checking for g++
configure:4471: found /usr/bin/g++
configure:4482: result: g++
configure:4509: checking for C++ compiler version
configure:4518: g++ --version >&5
Apple LLVM version 7.0.2 (clang-700.1.81)
Target: x86_64-apple-darwin15.3.0
Thread model: posix
Configured with: --prefix=/Applications/Xcode.app/Contents/Developer/usr --with-gxx-include-dir=/usr/include/c++/4.2.1
configure:4529: $? = 0
configure:4518: g++ -v >&5
Configured with: --prefix=/Applications/Xcode.app/Contents/Developer/usr --with-gxx-include-dir=/usr/include/c++/4.2.1
Apple LLVM version 7.0.2 (clang-700.1.81)
Target: x86_64-apple-darwin15.3.0
Thread model: posix
configure:4529: $? = 0
configure:4518: g++ -V >&5
clang: error: argument to '-V' is missing (expected 1 value)
clang: error: no input files
configure:4529: $? = 1
configure:4518: g++ -qversion >&5
clang: error: unknown argument: '-qversion'
clang: error: no input files
configure:4529: $? = 1
configure:4533: checking whether we are using the GNU C++ compiler
configure:4552: g++ -c   conftest.cpp >&5
configure:4552: $? = 0
configure:4561: result: yes
configure:4570: checking whether g++ accepts -g
configure:4590: g++ -c -g  conftest.cpp >&5
configure:4590: $? = 0
configure:4631: result: yes
configure:4656: checking dependency style of g++
configure:4767: result: gcc3
configure:4832: checking for boostlib >= 1.33.1
configure:4886: g++ -c -g -O2  -I/usr/local/include conftest.cpp >&5
configure:4886: $? = 0
configure:4888: result: yes
configure:5035: checking build system type
configure:5049: result: i386-apple-darwin15.3.0
configure:5069: checking host system type
configure:5082: result: i386-apple-darwin15.3.0
configure:5430: checking for a sed that does not truncate output
configure:5494: result: /usr/local/bin/gsed
configure:5512: checking for grep that handles long lines and -e
configure:5570: result: /usr/bin/grep
configure:5575: checking for egrep
configure:5637: result: /usr/bin/grep -E
configure:5642: checking for fgrep
configure:5704: result: /usr/bin/grep -F
configure:5739: checking for ld used by gcc
configure:5806: result: /Applications/Xcode.app/Contents/Developer/Toolchains/XcodeDefault.xctoolchain/usr/bin/ld
configure:5813: checking if the linker (/Applications/Xcode.app/Contents/Developer/Toolchains/XcodeDefault.xctoolchain/usr/bin/ld) is GNU ld
configure:5828: result: no
configure:5840: checking for BSD- or MS-compatible name lister (nm)
configure:5889: result: /usr/bin/nm
configure:6007: checking the name lister (/usr/bin/nm) interface
configure:6014: g++ -c -g -O2  conftest.cpp >&5
configure:6017: /usr/bin/nm "conftest.o"
configure:6020: output
000000000000023c S _some_variable
configure:6027: result: BSD nm
configure:6031: checking the maximum length of command line arguments
configure:6151: result: 196608
configure:6168: checking whether the shell understands some XSI constructs
configure:6178: result: yes
configure:6182: checking whether the shell understands "+="
configure:6188: result: yes
configure:6223: checking for /Applications/Xcode.app/Contents/Developer/Toolchains/XcodeDefault.xctoolchain/usr/bin/ld option to reload object files
configure:6230: result: -r
configure:6257: checking how to recognize dependent libraries
configure:6447: result: pass_all
configure:6507: checking for ar
configure:6523: found /usr/bin/ar
configure:6534: result: ar
configure:6612: checking for strip
configure:6628: found /usr/bin/strip
configure:6639: result: strip
configure:6711: checking for ranlib
configure:6727: found /usr/bin/ranlib
configure:6738: result: ranlib
configure:6828: checking command to parse /usr/bin/nm output from gcc object
configure:6946: g++ -c -g -O2  conftest.cpp >&5
configure:6949: $? = 0
configure:6953: /usr/bin/nm conftest.o \| sed -n -e 's/^.*[	 ]\([BCDEGRST][BCDEGRST]*\)[	 ][	 ]*\([_A-Za-z][_A-Za-z0-9]*\)$/\1 \2 \2/p' \> conftest.nm
configure:6956: $? = 0
cannot find nm_test_var in conftest.nm
configure:6946: g++ -c -g -O2  conftest.cpp >&5
configure:6949: $? = 0
configure:6953: /usr/bin/nm conftest.o \| sed -n -e 's/^.*[	 ]\([BCDEGRST][BCDEGRST]*\)[	 ][	 ]*_\([_A-Za-z][_A-Za-z0-9]*\)$/\1 _\2 \2/p' \> conftest.nm
configure:6956: $? = 0
configure:7010: g++ -o conftest -g -O2   conftest.cpp conftstm.o >&5
configure:7013: $? = 0
configure:7051: result: ok
configure:7316: checking for dsymutil
configure:7332: found /usr/bin/dsymutil
configure:7343: result: dsymutil
configure:7408: checking for nmedit
configure:7424: found /usr/bin/nmedit
configure:7435: result: nmedit
configure:7500: checking for lipo
configure:7516: found /usr/bin/lipo
configure:7527: result: lipo
configure:7592: checking for otool
configure:7608: found /usr/bin/otool
configure:7619: result: otool
configure:7684: checking for otool64
configure:7714: result: no
configure:7759: checking for -single_module linker flag
gcc -g -O2  -o libconftest.dylib -dynamiclib -Wl,-single_module conftest.c
configure:7786: result: yes
configure:7788: checking for -exported_symbols_list linker flag
configure:7808: g++ -o conftest -g -O2   -Wl,-exported_symbols_list,conftest.sym conftest.cpp  -lstdc++ >&5
configure:7808: $? = 0
configure:7818: result: yes
configure:7856: checking for ANSI C header files
configure:7876: g++ -c -g -O2  conftest.cpp >&5
configure:7876: $? = 0
./configure: line 7890: conftest.cpp: command not found
configure:7960: result: no
configure:7973: checking for sys/types.h
configure:7973: g++ -c -g -O2  conftest.cpp >&5
configure:7973: $? = 0
configure:7973: result: yes
configure:7973: checking for sys/stat.h
configure:7973: g++ -c -g -O2  conftest.cpp >&5
configure:7973: $? = 0
configure:7973: result: yes
configure:7973: checking for stdlib.h
configure:7973: g++ -c -g -O2  conftest.cpp >&5
configure:7973: $? = 0
configure:7973: result: yes
configure:7973: checking for string.h
configure:7973: g++ -c -g -O2  conftest.cpp >&5
configure:7973: $? = 0
configure:7973: result: yes
configure:7973: checking for memory.h
configure:7973: g++ -c -g -O2  conftest.cpp >&5
configure:7973: $? = 0
configure:7973: result: yes
configure:7973: checking for strings.h
configure:7973: g++ -c -g -O2  conftest.cpp >&5
configure:7973: $? = 0
configure:7973: result: yes
configure:7973: checking for inttypes.h
configure:7973: g++ -c -g -O2  conftest.cpp >&5
configure:7973: $? = 0
configure:7973: result: yes
configure:7973: checking for stdint.h
configure:7973: g++ -c -g -O2  conftest.cpp >&5
configure:7973: $? = 0
configure:7973: result: yes
configure:7973: checking for unistd.h
configure:7973: g++ -c -g -O2  conftest.cpp >&5
configure:7973: $? = 0
configure:7973: result: yes
configure:7987: checking for dlfcn.h
configure:7987: g++ -c -g -O2  conftest.cpp >&5
configure:7987: $? = 0
configure:7987: result: yes
configure:8112: checking for C++ compiler version
configure:8121: g++ --version >&5
Apple LLVM version 7.0.2 (clang-700.1.81)
Target: x86_64-apple-darwin15.3.0
Thread model: posix
Configured with: --prefix=/Applications/Xcode.app/Contents/Developer/usr --with-gxx-include-dir=/usr/include/c++/4.2.1
configure:8132: $? = 0
configure:8121: g++ -v >&5
Configured with: --prefix=/Applications/Xcode.app/Contents/Developer/usr --with-gxx-include-dir=/usr/include/c++/4.2.1
Apple LLVM version 7.0.2 (clang-700.1.81)
Target: x86_64-apple-darwin15.3.0
Thread model: posix
configure:8132: $? = 0
configure:8121: g++ -V >&5
clang: error: argument to '-V' is missing (expected 1 value)
clang: error: no input files
configure:8132: $? = 1
configure:8121: g++ -qversion >&5
clang: error: unknown argument: '-qversion'
clang: error: no input files
configure:8132: $? = 1
configure:8136: checking whether we are using the GNU C++ compiler
configure:8164: result: yes
configure:8173: checking whether g++ accepts -g
configure:8234: result: yes
configure:8259: checking dependency style of g++
configure:8370: result: gcc3
configure:8393: checking how to run the C++ preprocessor
configure:8420: g++ -E  conftest.cpp
configure:8420: $? = 0
configure:8434: g++ -E  conftest.cpp
conftest.cpp:22:10: fatal error: 'ac_nonexistent.h' file not found
#include <ac_nonexistent.h>
         ^
1 error generated.
configure:8434: $? = 1
configure: failed program was:
| /* confdefs.h */
| #define PACKAGE_NAME ""
| #define PACKAGE_TARNAME ""
| #define PACKAGE_VERSION ""
| #define PACKAGE_STRING ""
| #define PACKAGE_BUGREPORT ""
| #define PACKAGE_URL ""
| #define PACKAGE "curlpp"
| #define VERSION "0.7.3"
| #define HAVE_BOOST /**/
| #define HAVE_SYS_TYPES_H 1
| #define HAVE_SYS_STAT_H 1
| #define HAVE_STDLIB_H 1
| #define HAVE_STRING_H 1
| #define HAVE_MEMORY_H 1
| #define HAVE_STRINGS_H 1
| #define HAVE_INTTYPES_H 1
| #define HAVE_STDINT_H 1
| #define HAVE_UNISTD_H 1
| #define HAVE_DLFCN_H 1
| /* end confdefs.h.  */
| #include <ac_nonexistent.h>
configure:8459: result: g++ -E
configure:8479: g++ -E  conftest.cpp
configure:8479: $? = 0
configure:8493: g++ -E  conftest.cpp
conftest.cpp:22:10: fatal error: 'ac_nonexistent.h' file not found
#include <ac_nonexistent.h>
         ^
1 error generated.
configure:8493: $? = 1
configure: failed program was:
| /* confdefs.h */
| #define PACKAGE_NAME ""
| #define PACKAGE_TARNAME ""
| #define PACKAGE_VERSION ""
| #define PACKAGE_STRING ""
| #define PACKAGE_BUGREPORT ""
| #define PACKAGE_URL ""
| #define PACKAGE "curlpp"
| #define VERSION "0.7.3"
| #define HAVE_BOOST /**/
| #define HAVE_SYS_TYPES_H 1
| #define HAVE_SYS_STAT_H 1
| #define HAVE_STDLIB_H 1
| #define HAVE_STRING_H 1
| #define HAVE_MEMORY_H 1
| #define HAVE_STRINGS_H 1
| #define HAVE_INTTYPES_H 1
| #define HAVE_STDINT_H 1
| #define HAVE_UNISTD_H 1
| #define HAVE_DLFCN_H 1
| /* end confdefs.h.  */
| #include <ac_nonexistent.h>
configure:8696: checking for objdir
configure:8711: result: .libs
configure:9007: checking if gcc supports -fno-rtti -fno-exceptions
configure:9025: gcc -c -g -O2  -fno-rtti -fno-exceptions conftest.c >&5
configure:9029: $? = 0
configure:9042: result: yes
configure:9062: checking for gcc option to produce PIC
configure:9319: result: -fno-common -DPIC
configure:9331: checking if gcc PIC flag -fno-common -DPIC works
configure:9349: gcc -c -g -O2  -fno-common -DPIC -DPIC conftest.c >&5
configure:9353: $? = 0
configure:9366: result: yes
configure:9390: checking if gcc static flag -static works
configure:9418: result: no
configure:9433: checking if gcc supports -c -o file.o
configure:9454: gcc -c -g -O2  -o out/conftest2.o conftest.c >&5
configure:9458: $? = 0
configure:9480: result: yes
configure:9488: checking if gcc supports -c -o file.o
configure:9535: result: yes
configure:9568: checking whether the gcc linker (/Applications/Xcode.app/Contents/Developer/Toolchains/XcodeDefault.xctoolchain/usr/bin/ld) supports shared libraries
configure:10546: result: yes
configure:10785: checking dynamic linker characteristics
configure:11436: result: darwin15.3.0 dyld
configure:11538: checking how to hardcode library paths into programs
configure:11563: result: immediate
configure:12091: checking whether stripping libraries is possible
configure:12105: result: yes
configure:12131: checking if libtool supports shared libraries
configure:12133: result: yes
configure:12136: checking whether to build shared libraries
configure:12157: result: yes
configure:12160: checking whether to build static libraries
configure:12164: result: yes
configure:12314: checking for ld used by g++
configure:12381: result: /Applications/Xcode.app/Contents/Developer/Toolchains/XcodeDefault.xctoolchain/usr/bin/ld
configure:12388: checking if the linker (/Applications/Xcode.app/Contents/Developer/Toolchains/XcodeDefault.xctoolchain/usr/bin/ld) is GNU ld
configure:12403: result: no
configure:12458: checking whether the g++ linker (/Applications/Xcode.app/Contents/Developer/Toolchains/XcodeDefault.xctoolchain/usr/bin/ld) supports shared libraries
configure:13366: result: yes
configure:13394: g++ -c -g -O2  conftest.cpp >&5
configure:13397: $? = 0
configure:13579: checking for g++ option to produce PIC
configure:13888: result: -fno-common -DPIC
configure:13897: checking if g++ PIC flag -fno-common -DPIC works
configure:13915: g++ -c -g -O2  -fno-common -DPIC -DPIC conftest.cpp >&5
configure:13919: $? = 0
configure:13932: result: yes
configure:13953: checking if g++ static flag -static works
configure:13981: result: no
configure:13993: checking if g++ supports -c -o file.o
configure:14014: g++ -c -g -O2  -o out/conftest2.o conftest.cpp >&5
configure:14018: $? = 0
configure:14040: result: yes
configure:14045: checking if g++ supports -c -o file.o
configure:14092: result: yes
configure:14122: checking whether the g++ linker (/Applications/Xcode.app/Contents/Developer/Toolchains/XcodeDefault.xctoolchain/usr/bin/ld) supports shared libraries
configure:14148: result: yes
configure:14285: checking dynamic linker characteristics
configure:14884: result: darwin15.3.0 dyld
configure:14935: checking how to hardcode library paths into programs
configure:14960: result: immediate
configure:15043: checking for ANSI C header files
configure:15147: result: no
configure:15161: checking curl/curl.h usability
configure:15161: g++ -c -g   conftest.cpp >&5
configure:15161: $? = 0
configure:15161: result: yes
configure:15161: checking curl/curl.h presence
configure:15161: g++ -E  conftest.cpp
configure:15161: $? = 0
configure:15161: result: yes
configure:15161: checking for curl/curl.h
configure:15161: result: yes
configure:15161: checking ostream usability
configure:15161: g++ -c -g   conftest.cpp >&5
configure:15161: $? = 0
configure:15161: result: yes
configure:15161: checking ostream presence
configure:15161: g++ -E  conftest.cpp
configure:15161: $? = 0
configure:15161: result: yes
configure:15161: checking for ostream
configure:15161: result: yes
configure:15189: checking for curl >= 7.10.0
configure:15199: result: 7.45.0
configure:15223: checking enable gcc warnings
configure:15233: result: yes
configure:15242: checking warning make an error on compilation
configure:15252: result: yes
configure:15262: checking whether to enable the maintener code
configure:15274: result: no
configure:15291: checking whether to enable Debug symbols support options
configure:15302: result: no
configure:15309: checking if we need BUILDING_CURLPP
configure:15333: result: no
configure:15452: checking that generated files are newer than configure
configure:15458: result: done
configure:15501: creating ./config.status

## ---------------- ##
## Cache variables. ##
## ---------------- ##

ac_cv_build=i386-apple-darwin15.3.0
ac_cv_c_compiler_gnu=yes
ac_cv_cxx_compiler_gnu=yes
ac_cv_env_CCC_set=
ac_cv_env_CCC_value=
ac_cv_env_CC_set=
ac_cv_env_CC_value=
ac_cv_env_CFLAGS_set=
ac_cv_env_CFLAGS_value=
ac_cv_env_CPPFLAGS_set=
ac_cv_env_CPPFLAGS_value=
ac_cv_env_CPP_set=
ac_cv_env_CPP_value=
ac_cv_env_CXXCPP_set=
ac_cv_env_CXXCPP_value=
ac_cv_env_CXXFLAGS_set=
ac_cv_env_CXXFLAGS_value=
ac_cv_env_CXX_set=
ac_cv_env_CXX_value=
ac_cv_env_LDFLAGS_set=
ac_cv_env_LDFLAGS_value=
ac_cv_env_LIBS_set=
ac_cv_env_LIBS_value=
ac_cv_env_build_alias_set=
ac_cv_env_build_alias_value=
ac_cv_env_host_alias_set=
ac_cv_env_host_alias_value=
ac_cv_env_target_alias_set=
ac_cv_env_target_alias_value=
ac_cv_header_curl_curl_h=yes
ac_cv_header_dlfcn_h=yes
ac_cv_header_inttypes_h=yes
ac_cv_header_memory_h=yes
ac_cv_header_ostream=yes
ac_cv_header_stdc=no
ac_cv_header_stdint_h=yes
ac_cv_header_stdlib_h=yes
ac_cv_header_string_h=yes
ac_cv_header_strings_h=yes
ac_cv_header_sys_stat_h=yes
ac_cv_header_sys_types_h=yes
ac_cv_header_unistd_h=yes
ac_cv_host=i386-apple-darwin15.3.0
ac_cv_objext=o
ac_cv_path_EGREP='/usr/bin/grep -E'
ac_cv_path_FGREP='/usr/bin/grep -F'
ac_cv_path_GREP=/usr/bin/grep
ac_cv_path_SED=/usr/local/bin/gsed
ac_cv_path_install='/usr/bin/install -c'
ac_cv_prog_AWK=gawk
ac_cv_prog_CPP='gcc -E'
ac_cv_prog_CXXCPP='g++ -E'
ac_cv_prog_ac_ct_AR=ar
ac_cv_prog_ac_ct_CC=gcc
ac_cv_prog_ac_ct_CXX=g++
ac_cv_prog_ac_ct_DSYMUTIL=dsymutil
ac_cv_prog_ac_ct_LIPO=lipo
ac_cv_prog_ac_ct_NMEDIT=nmedit
ac_cv_prog_ac_ct_OTOOL=otool
ac_cv_prog_ac_ct_RANLIB=ranlib
ac_cv_prog_ac_ct_STRIP=strip
ac_cv_prog_cc_c89=
ac_cv_prog_cc_g=yes
ac_cv_prog_cxx_g=yes
ac_cv_prog_make_make_set=yes
am_cv_CC_dependencies_compiler_type=gcc3
am_cv_CXX_dependencies_compiler_type=gcc3
am_cv_make_support_nested_variables=yes
am_cv_prog_cc_c_o=yes
lt_cv_apple_cc_single_mod=yes
lt_cv_deplibs_check_method=pass_all
lt_cv_file_magic_cmd='$MAGIC_CMD'
lt_cv_file_magic_test_file=
lt_cv_ld_exported_symbols_list=yes
lt_cv_ld_reload_flag=-r
lt_cv_nm_interface='BSD nm'
lt_cv_objdir=.libs
lt_cv_path_LD=/Applications/Xcode.app/Contents/Developer/Toolchains/XcodeDefault.xctoolchain/usr/bin/ld
lt_cv_path_LDCXX=/Applications/Xcode.app/Contents/Developer/Toolchains/XcodeDefault.xctoolchain/usr/bin/ld
lt_cv_path_NM=/usr/bin/nm
lt_cv_prog_compiler_c_o=yes
lt_cv_prog_compiler_c_o_CXX=yes
lt_cv_prog_compiler_pic_works=yes
lt_cv_prog_compiler_pic_works_CXX=yes
lt_cv_prog_compiler_rtti_exceptions=yes
lt_cv_prog_compiler_static_works=no
lt_cv_prog_compiler_static_works_CXX=no
lt_cv_prog_gnu_ld=no
lt_cv_prog_gnu_ldcxx=no
lt_cv_sys_global_symbol_pipe='sed -n -e '\''s/^.*[	 ]\([BCDEGRST][BCDEGRST]*\)[	 ][	 ]*_\([_A-Za-z][_A-Za-z0-9]*\)$/\1 _\2 \2/p'\'''
lt_cv_sys_global_symbol_to_c_name_address='sed -n -e '\''s/^: \([^ ]*\) $/  {\"\1\", (void *) 0},/p'\'' -e '\''s/^[BCDEGRST]* \([^ ]*\) \([^ ]*\)$/  {"\2", (void *) \&\2},/p'\'''
lt_cv_sys_global_symbol_to_c_name_address_lib_prefix='sed -n -e '\''s/^: \([^ ]*\) $/  {\"\1\", (void *) 0},/p'\'' -e '\''s/^[BCDEGRST]* \([^ ]*\) \(lib[^ ]*\)$/  {"\2", (void *) \&\2},/p'\'' -e '\''s/^[BCDEGRST]* \([^ ]*\) \([^ ]*\)$/  {"lib\2", (void *) \&\2},/p'\'''
lt_cv_sys_global_symbol_to_cdecl='sed -n -e '\''s/^T .* \(.*\)$/extern int \1();/p'\'' -e '\''s/^[BCDEGRST]* .* \(.*\)$/extern char \1;/p'\'''
lt_cv_sys_max_cmd_len=196608
my_cv_curl_vers=7.45.0

## ----------------- ##
## Output variables. ##
## ----------------- ##

ACLOCAL='aclocal-1.15'
AMDEPBACKSLASH='\'
AMDEP_FALSE='#'
AMDEP_TRUE=''
AMTAR='$${TAR-tar}'
AM_BACKSLASH='\'
AM_DEFAULT_V='$(AM_DEFAULT_VERBOSITY)'
AM_DEFAULT_VERBOSITY='1'
AM_V='$(V)'
AR='ar'
AS='as'
AUTOCONF='autoconf'
AUTOHEADER='autoheader'
AUTOMAKE='automake-1.15'
AWK='gawk'
BOOST_CPPFLAGS='-I/usr/local/include'
BOOST_LDFLAGS='-L/usr/local/lib'
CC='gcc'
CCDEPMODE='depmode=gcc3'
CFLAGS='-g -O2'
CPP='gcc -E'
CPPFLAGS=''
CURLPP_CXXFLAGS=' -I/Users/jakey/anaconda/include -I/usr/local/include'
CXX='g++'
CXXCPP='g++ -E'
CXXDEPMODE='depmode=gcc3'
CXXFLAGS='-g  -W -Wall -Werror   -I/Users/jakey/anaconda/include -I/usr/local/include'
CYGPATH_W='echo'
DEFS='-DHAVE_CONFIG_H'
DEPDIR='.deps'
DLLTOOL='dlltool'
DSYMUTIL='dsymutil'
DUMPBIN=''
ECHO_C='\c'
ECHO_N=''
ECHO_T=''
EGREP='/usr/bin/grep -E'
EXEEXT=''
FGREP='/usr/bin/grep -F'
GREP='/usr/bin/grep'
HAVE_BOOST_FALSE='#'
HAVE_BOOST_TRUE=''
INSTALL_DATA='${INSTALL} -m 644'
INSTALL_PROGRAM='${INSTALL}'
INSTALL_SCRIPT='${INSTALL}'
INSTALL_STRIP_PROGRAM='$(install_sh) -c -s'
LD='/Applications/Xcode.app/Contents/Developer/Toolchains/XcodeDefault.xctoolchain/usr/bin/ld'
LDFLAGS=''
LIBOBJS=''
LIBS=' -lstdc++ -L/Users/jakey/anaconda/lib -lcurl -lssl -lcrypto -lz'
LIBTOOL='$(SHELL) $(top_builddir)/libtool --silent'
LIPO='lipo'
LN_S='ln -s'
LTLIBOBJS=''
MAINTENER_CODE_FALSE=''
MAINTENER_CODE_TRUE='#'
MAKEINFO='makeinfo'
MKDIR_P='./install-sh -c -d'
NM='/usr/bin/nm'
NMEDIT='nmedit'
NO_UNDEFINED_FALSE=''
NO_UNDEFINED_TRUE='#'
OBJDUMP='objdump'
OBJEXT='o'
OTOOL64=':'
OTOOL='otool'
PACKAGE='curlpp'
PACKAGE_BUGREPORT=''
PACKAGE_NAME=''
PACKAGE_STRING=''
PACKAGE_TARNAME=''
PACKAGE_URL=''
PACKAGE_VERSION=''
PATH_SEPARATOR=':'
PKGADD_NAME='cURLpp - a client that groks URLs++'
PKGADD_PKG='cURLpp'
PKGADD_VENDOR='http://rrette.com/curlpp.html'
RANLIB='ranlib'
RPM_VERSION='0.7.3'
SED='/usr/local/bin/gsed'
SET_MAKE=''
SHELL='/bin/sh'
STRIP='strip'
VERSION='0.7.3'
VERSIONNUM=''
ac_ct_CC='gcc'
ac_ct_CXX='g++'
ac_ct_DUMPBIN=''
am__EXEEXT_FALSE=''
am__EXEEXT_TRUE='#'
am__fastdepCC_FALSE='#'
am__fastdepCC_TRUE=''
am__fastdepCXX_FALSE='#'
am__fastdepCXX_TRUE=''
am__include='include'
am__isrc=''
am__leading_dot='.'
am__nodep='_no'
am__quote=''
am__tar='$${TAR-tar} chof - "$$tardir"'
am__untar='$${TAR-tar} xf -'
bindir='${exec_prefix}/bin'
build='i386-apple-darwin15.3.0'
build_alias=''
build_cpu='i386'
build_os='darwin15.3.0'
build_vendor='apple'
datadir='${datarootdir}'
datarootdir='${prefix}/share'
docdir='${datarootdir}/doc/${PACKAGE}'
dvidir='${docdir}'
exec_prefix='${prefix}'
host='i386-apple-darwin15.3.0'
host_alias=''
host_cpu='i386'
host_os='darwin15.3.0'
host_vendor='apple'
htmldir='${docdir}'
includedir='${prefix}/include'
infodir='${datarootdir}/info'
install_sh='${SHELL} /Users/jakey/Documents/SyncData/Repository/TUTK/RDTServer_Vtech/RDTServer/RDTServer/3th_party/curlpp-0.7.3/install-sh'
libdir='${exec_prefix}/lib'
libexecdir='${exec_prefix}/libexec'
localedir='${datarootdir}/locale'
localstatedir='${prefix}/var'
lt_ECHO='/bin/echo'
mandir='${datarootdir}/man'
mkdir_p='$(MKDIR_P)'
oldincludedir='/usr/include'
pdfdir='${docdir}'
prefix='/usr/local'
program_transform_name='s,x,x,'
psdir='${docdir}'
sbindir='${exec_prefix}/sbin'
sharedstatedir='${prefix}/com'
sysconfdir='${prefix}/etc'
target_alias=''

## ----------- ##
## confdefs.h. ##
## ----------- ##

/* confdefs.h */
#define PACKAGE_NAME ""
#define PACKAGE_TARNAME ""
#define PACKAGE_VERSION ""
#define PACKAGE_STRING ""
#define PACKAGE_BUGREPORT ""
#define PACKAGE_URL ""
#define PACKAGE "curlpp"
#define VERSION "0.7.3"
#define HAVE_BOOST /**/
#define HAVE_SYS_TYPES_H 1
#define HAVE_SYS_STAT_H 1
#define HAVE_STDLIB_H 1
#define HAVE_STRING_H 1
#define HAVE_MEMORY_H 1
#define HAVE_STRINGS_H 1
#define HAVE_INTTYPES_H 1
#define HAVE_STDINT_H 1
#define HAVE_UNISTD_H 1
#define HAVE_DLFCN_H 1
#define LT_OBJDIR ".libs/"
#define HAVE_CURL_CURL_H 1
#define HAVE_OSTREAM 1

configure: exit 0

## ---------------------- ##
## Running config.status. ##
## ---------------------- ##

This file was extended by config.status, which was
generated by GNU Autoconf 2.69.  Invocation command line was

  CONFIG_FILES    = 
  CONFIG_HEADERS  = 
  CONFIG_LINKS    = 
  CONFIG_COMMANDS = 
  $ ./config.status 

on jakeydeMac-mini.local

config.status:1158: creating curlpp-config
config.status:1158: creating curlpp.spec
config.status:1158: creating curlpp.pc
config.status:1158: creating Makefile
config.status:1158: creating examples/Makefile
config.status:1158: creating src/Makefile
config.status:1158: creating src/curlpp/Makefile
config.status:1158: creating src/curlpp/internal/Makefile
config.status:1158: creating src/utilspp/Makefile
config.status:1158: creating include/Makefile
config.status:1158: creating include/curlpp/Makefile
config.status:1158: creating include/curlpp/internal/Makefile
config.status:1158: creating include/utilspp/Makefile
config.status:1158: creating include/utilspp/functor/Makefile
config.status:1158: creating include/utilspp/singleton/Makefile
config.status:1158: creating doc/Makefile
config.status:1158: creating include/curlpp/config.h
config.status:1387: executing depfiles commands
config.status:1387: executing libtool commands

## ---------------------- ##
## Running config.status. ##
## ---------------------- ##

This file was extended by config.status, which was
generated by GNU Autoconf 2.69.  Invocation command line was

  CONFIG_FILES    = 
  CONFIG_HEADERS  = 
  CONFIG_LINKS    = 
  CONFIG_COMMANDS = 
  $ ./config.status include/curlpp/config.h

on jakeydeMac-mini.local

config.status:1158: creating include/curlpp/config.h
